{
  "/Users/alessandro.corra/Desktop/myStuff/node-ts-app-template/src/sum.ts": {
    "path": "/Users/alessandro.corra/Desktop/myStuff/node-ts-app-template/src/sum.ts",
    "statementMap": {
      "0": { "start": { "line": 1, "column": 13 }, "end": { "line": 3, "column": 2 } },
      "1": { "start": { "line": 2, "column": 2 }, "end": { "line": 2, "column": 15 } }
    },
    "fnMap": {
      "0": {
        "name": "(anonymous_0)",
        "decl": { "start": { "line": 1, "column": 29 }, "end": { "line": 1, "column": 30 } },
        "loc": { "start": { "line": 1, "column": 50 }, "end": { "line": 3, "column": 1 } }
      }
    },
    "branchMap": {},
    "s": { "0": 1, "1": 1 },
    "f": { "0": 1 },
    "b": {}
  }
}
